<?xml version="1.0" encoding="UTF-8"?>
<testsuite xmlns:xsi="http://www.w3.org/2001/XMLSchema-instance" xsi:noNamespaceSchemaLocation="https://maven.apache.org/surefire/maven-surefire-plugin/xsd/surefire-test-report-3.0.xsd" version="3.0" name="de.krenbeh.gui.automaton.AutomatonTest" time="0.045" tests="14" errors="0" skipped="0" failures="0">
  <properties>
[...]
</properties>
  <testcase name="setMooreNeighborHoodAusTorusAus" classname="de.krenbeh.gui.automaton.AutomatonTest" time="0.006"/>
  <testcase name="setMooreNeighborHoodAusTorusAn" classname="de.krenbeh.gui.automaton.AutomatonTest" time="0.002"/>
  <testcase name="testIsValidCell" classname="de.krenbeh.gui.automaton.AutomatonTest" time="0.001"/>
  <testcase name="testSetAndGetState" classname="de.krenbeh.gui.automaton.AutomatonTest" time="0.001"/>
  <testcase name="testTorusWrappingNeighbors" classname="de.krenbeh.gui.automaton.AutomatonTest" time="0.002"/>
  <testcase name="testChangeSizeIncrease" classname="de.krenbeh.gui.automaton.AutomatonTest" time="0.002"/>
  <testcase name="testNeighborMooreVsVonNeumann" classname="de.krenbeh.gui.automaton.AutomatonTest" time="0.002"/>
  <testcase name="testChangeSizeDecrease" classname="de.krenbeh.gui.automaton.AutomatonTest" time="0.001"/>
  <testcase name="testSetStateForRegion" classname="de.krenbeh.gui.automaton.AutomatonTest" time="0.001"/>
  <testcase name="testRandomPopulation" classname="de.krenbeh.gui.automaton.AutomatonTest" time="0.001"/>
  <testcase name="testClearPopulation" classname="de.krenbeh.gui.automaton.AutomatonTest" time="0.001"/>
  <testcase name="testStateTransitions" classname="de.krenbeh.gui.automaton.AutomatonTest" time="0.002"/>
  <testcase name="testInitialGridSize" classname="de.krenbeh.gui.automaton.AutomatonTest" time="0.001"/>
  <testcase name="testNextGeneration" classname="de.krenbeh.gui.automaton.AutomatonTest" time="0.002"/>
</testsuite>